<application>
  <component name="JUnitGeneratorAppSettings">
    <option name="outputFilePattern" value="src/test/${PACKAGE}/${FILENAME}" />
  </component>
</application>